Fetching USD Rates 
           Date  1 Mo  2 Mo  3 Mo  4 Mo  ...  5 Yr  7 Yr  10 Yr  20 Yr  30 Yr
0    01/03/2023  4.17  4.42  4.53  4.70  ...  3.94  3.89   3.79   4.06   3.88
1    01/04/2023  4.20  4.42  4.55  4.69  ...  3.85  3.79   3.69   3.97   3.81
2    01/05/2023  4.30  4.55  4.66  4.75  ...  3.90  3.82   3.71   3.96   3.78
3    01/06/2023  4.32  4.55  4.67  4.74  ...  3.69  3.63   3.55   3.84   3.67
4    01/09/2023  4.37  4.58  4.70  4.74  ...  3.66  3.60   3.53   3.83   3.66
..          ...   ...   ...   ...   ...  ...   ...   ...    ...    ...    ...
228  11/29/2023  5.53  5.52  5.45  5.48  ...  4.22  4.28   4.27   4.62   4.44
229  11/30/2023  5.56  5.54  5.45  5.49  ...  4.31  4.38   4.37   4.72   4.54
230  12/01/2023  5.55  5.53  5.43  5.45  ...  4.14  4.22   4.22   4.58   4.40
231  12/04/2023  5.55  5.53  5.46  5.47  ...  4.23  4.30   4.28   4.61   4.43
232  12/05/2023  5.54  5.51  5.45  5.46  ...  4.14  4.20   4.18   4.48   4.30

[233 rows x 14 columns]
Fetching USD Rates 
          Date  1 Mo  2 Mo  3 Mo  4 Mo  ...  5 Yr  7 Yr  10 Yr  20 Yr  30 Yr
0   2020-01-02  1.53  1.55  1.54   NaN  ...  1.67  1.79   1.88   2.19   2.33
1   2020-01-03  1.52  1.55  1.52   NaN  ...  1.59  1.71   1.80   2.11   2.26
2   2020-01-06  1.54  1.54  1.56   NaN  ...  1.61  1.72   1.81   2.13   2.28
3   2020-01-07  1.52  1.53  1.54   NaN  ...  1.62  1.74   1.83   2.16   2.31
4   2020-01-08  1.50  1.53  1.54   NaN  ...  1.67  1.78   1.87   2.21   2.35
..         ...   ...   ...   ...   ...  ...   ...   ...    ...    ...    ...
246 2020-12-24  0.09  0.09  0.09   NaN  ...  0.37  0.66   0.94   1.46   1.66
247 2020-12-28  0.09  0.10  0.11   NaN  ...  0.38  0.65   0.94   1.46   1.67
248 2020-12-29  0.08  0.09  0.10   NaN  ...  0.37  0.66   0.94   1.47   1.67
249 2020-12-30  0.06  0.06  0.08   NaN  ...  0.37  0.66   0.93   1.46   1.66
250 2020-12-31  0.08  0.08  0.09   NaN  ...  0.36  0.65   0.93   1.45   1.65

[251 rows x 14 columns]
Fetching USD Rates 
          Date  1 Mo  2 Mo  3 Mo  4 Mo  ...  5 Yr  7 Yr  10 Yr  20 Yr  30 Yr
0   2020-01-02  1.53  1.55  1.54   NaN  ...  1.67  1.79   1.88   2.19   2.33
1   2020-01-03  1.52  1.55  1.52   NaN  ...  1.59  1.71   1.80   2.11   2.26
2   2020-01-06  1.54  1.54  1.56   NaN  ...  1.61  1.72   1.81   2.13   2.28
3   2020-01-07  1.52  1.53  1.54   NaN  ...  1.62  1.74   1.83   2.16   2.31
4   2020-01-08  1.50  1.53  1.54   NaN  ...  1.67  1.78   1.87   2.21   2.35
..         ...   ...   ...   ...   ...  ...   ...   ...    ...    ...    ...
228 2023-11-29  5.53  5.52  5.45  5.48  ...  4.22  4.28   4.27   4.62   4.44
229 2023-11-30  5.56  5.54  5.45  5.49  ...  4.31  4.38   4.37   4.72   4.54
230 2023-12-01  5.55  5.53  5.43  5.45  ...  4.14  4.22   4.22   4.58   4.40
231 2023-12-04  5.55  5.53  5.46  5.47  ...  4.23  4.30   4.28   4.61   4.43
232 2023-12-05  5.54  5.51  5.45  5.46  ...  4.14  4.20   4.18   4.48   4.30

[984 rows x 14 columns]
Fetching USD Rates 
          Date  1 Mo  2 Mo  3 Mo  4 Mo  ...  5 Yr  7 Yr  10 Yr  20 Yr  30 Yr
0   2020-01-02  1.53  1.55  1.54   NaN  ...  1.67  1.79   1.88   2.19   2.33
1   2020-01-03  1.52  1.55  1.52   NaN  ...  1.59  1.71   1.80   2.11   2.26
2   2020-01-06  1.54  1.54  1.56   NaN  ...  1.61  1.72   1.81   2.13   2.28
3   2020-01-07  1.52  1.53  1.54   NaN  ...  1.62  1.74   1.83   2.16   2.31
4   2020-01-08  1.50  1.53  1.54   NaN  ...  1.67  1.78   1.87   2.21   2.35
..         ...   ...   ...   ...   ...  ...   ...   ...    ...    ...    ...
231 2023-12-04  5.55  5.53  5.46  5.47  ...  4.23  4.30   4.28   4.61   4.43
232 2023-12-05  5.54  5.51  5.45  5.46  ...  4.14  4.20   4.18   4.48   4.30
233 2023-12-06  5.54  5.50  5.45  5.47  ...  4.12  4.16   4.12   4.40   4.22
234 2023-12-07  5.53  5.54  5.44  5.47  ...  4.11  4.16   4.14   4.42   4.25
235 2023-12-08  5.54  5.53  5.44  5.49  ...  4.24  4.28   4.23   4.49   4.31

[987 rows x 14 columns]
